<?xml version="1.0" encoding="UTF-8"?>
<!-- Generated by org.testng.reporters.JUnitXMLReporter -->
<testsuite ignored="0" hostname="LTIN207742" failures="0" tests="1" name="chromeTest" time="1.144" errors="0" timestamp="2023-12-19T09:29:01 IST">
  <testcase classname="com.change2naturalfoods.utils.DriverSetup" name="@BeforeClass getWebDriver" time="0.044">
    <failure type="java.lang.Error" message="Unresolved compilation problem: 
	Cannot switch on a value of type String for source level below 1.7. Only convertible int values or enum variables are permitted
">
      <![CDATA[java.lang.Error: Unresolved compilation problem: 
Cannot switch on a value of type String for source level below 1.7. Only convertible int values or enum variables are permitted

at com.change2naturalfoods.utils.DriverSetup.getWebDriver(DriverSetup.java:33)
at java.base/java.util.ArrayList.forEach(ArrayList.java:1511)
... Removed 25 stack frames]]>
    </failure>
  </testcase> <!-- @BeforeClass getWebDriver -->
  <testcase classname="com.change2naturalfoods.utils.DriverSetup" name="@AfterClass closeBrowser" time="0.0">
    <skipped/>
  </testcase> <!-- @AfterClass closeBrowser -->
  <testcase classname="com.change2naturalfoods.userverification.UserVerification" name="verifyError" time="0.0">
    <skipped/>
  </testcase> <!-- verifyError -->
</testsuite> <!-- chromeTest -->
